<?xml version="1.0" encoding="UTF-8"?>
<!-- Generated by org.testng.reporters.JUnitReportReporter -->
<testsuite hostname="DESKTOP-7C4J88S" failures="0" tests="1" name="getTitle_getDomain_getURL.URLOfThePageByJavascriptExecutor" time="10.082" errors="0" timestamp="2024-02-22T16:15:22 IST" skipped="0">
  <testcase classname="getTitle_getDomain_getURL.URLOfThePageByJavascriptExecutor" name="Handle_AutoSuggetions" time="10.082"/>
  <system-out/>
</testsuite> <!-- getTitle_getDomain_getURL.URLOfThePageByJavascriptExecutor -->
