<?xml version="1.0" encoding="UTF-8"?>
<!-- Generated by org.testng.reporters.JUnitReportReporter -->
<testsuite hostname="DESKTOP-7C4J88S" failures="0" tests="1" name="desireCapabilities.DesireCapabilities" time="12.114" errors="0" timestamp="2024-02-21T12:26:36 IST" skipped="0">
  <testcase classname="desireCapabilities.DesireCapabilities" name="open_Chrome_Browser_With_WebDriverManager" time="12.114"/>
  <system-out/>
</testsuite> <!-- desireCapabilities.DesireCapabilities -->
