<?xml version="1.0" encoding="UTF-8"?>
<!-- Generated by org.testng.reporters.JUnitReportReporter -->
<testsuite hostname="DESKTOP-7C4J88S" failures="0" tests="1" name="fileHandling.ReadDataFromCSV_Textfile" time="0.050" errors="0" timestamp="2024-02-23T13:44:26 IST" skipped="0">
  <testcase classname="fileHandling.ReadDataFromCSV_Textfile" name="readDataFromCSV_Textfile" time="0.050"/>
  <system-out/>
</testsuite> <!-- fileHandling.ReadDataFromCSV_Textfile -->
