<?xml version="1.0" encoding="UTF-8"?>
<!-- Generated by org.testng.reporters.JUnitReportReporter -->
<testsuite hostname="DESKTOP-7C4J88S" failures="0" tests="1" name="autoSuggestion.AutoSuggestionHandlig" time="5.659" errors="0" timestamp="2024-02-22T15:57:11 IST" skipped="0">
  <testcase classname="autoSuggestion.AutoSuggestionHandlig" name="Handle_AutoSuggetions" time="5.659"/>
  <system-out/>
</testsuite> <!-- autoSuggestion.AutoSuggestionHandlig -->
