<?xml version="1.0" encoding="UTF-8"?>
<!-- Generated by org.testng.reporters.JUnitReportReporter -->
<testsuite hostname="DESKTOP-7C4J88S" failures="0" tests="1" name="com.Test_Class_Package.TC001_verify_Title_Of_Page" time="5.338" errors="0" timestamp="2024-03-04T04:51:52 IST" skipped="0">
  <testcase classname="com.Test_Class_Package.TC001_verify_Title_Of_Page" name="VeifyTitleOfPage" time="5.338"/>
  <system-out/>
</testsuite> <!-- com.Test_Class_Package.TC001_verify_Title_Of_Page -->
