<?xml version="1.0" encoding="UTF-8"?>
<!-- Generated by org.testng.reporters.JUnitReportReporter -->
<testsuite hostname="DESKTOP-7C4J88S" failures="0" tests="3" name="date.CurrentDate" time="0.497" errors="0" timestamp="2024-02-21T15:01:30 IST" skipped="0">
  <testcase classname="date.CurrentDate" name="getCurrentDate" time="0.178"/>
  <system-out/>
  <testcase classname="date.CurrentDate" name="getCurrentDate1" time="0.294"/>
  <system-out/>
  <testcase classname="date.CurrentDate" name="getCurrentDate2" time="0.025"/>
  <system-out/>
</testsuite> <!-- date.CurrentDate -->
