<?xml version="1.0" encoding="UTF-8"?>
<!-- Generated by org.testng.reporters.JUnitReportReporter -->
<testsuite hostname="DESKTOP-7C4J88S" failures="0" tests="1" name="linsAndText.FindOutTheTextBoxex" time="17.403" errors="0" timestamp="2024-02-25T11:17:26 IST" skipped="0">
  <testcase classname="linsAndText.FindOutTheTextBoxex" name="findOutTheTextBoxex" time="17.403"/>
  <system-out/>
</testsuite> <!-- linsAndText.FindOutTheTextBoxex -->
