<?xml version="1.0" encoding="UTF-8"?>
<!-- Generated by org.testng.reporters.JUnitReportReporter -->
<testsuite hostname="DESKTOP-7C4J88S" failures="0" tests="1" name="screenshot.TakeScreenshot_Of_WebElement" time="43.857" errors="0" timestamp="2024-02-22T21:44:52 IST" skipped="0">
  <testcase classname="screenshot.TakeScreenshot_Of_WebElement" name="takeScreenshot_Of_WebElement" time="43.857"/>
  <system-out/>
</testsuite> <!-- screenshot.TakeScreenshot_Of_WebElement -->
