<?xml version="1.0" encoding="UTF-8"?>
<!-- Generated by org.testng.reporters.JUnitReportReporter -->
<testsuite hostname="DESKTOP-7C4J88S" failures="0" tests="1" name="linsAndText.FindOutTheLinks" time="13.499" errors="0" timestamp="2024-02-25T11:23:39 IST" skipped="0">
  <testcase classname="linsAndText.FindOutTheLinks" name="findOutTheLinks" time="13.499"/>
  <system-out/>
</testsuite> <!-- linsAndText.FindOutTheLinks -->
