<?xml version="1.0" encoding="UTF-8"?>
<!-- Generated by org.testng.reporters.JUnitReportReporter -->
<testsuite hostname="DESKTOP-7C4J88S" failures="0" tests="1" name="headlessMode.FirefoxDriver_HeadlessMode" time="15.103" errors="0" timestamp="2024-02-21T11:37:47 IST" skipped="0">
  <testcase classname="headlessMode.FirefoxDriver_HeadlessMode" name="open_Firefox_Browser_With_HeadlessMode" time="15.103"/>
  <system-out/>
</testsuite> <!-- headlessMode.FirefoxDriver_HeadlessMode -->
