<?xml version="1.0" encoding="UTF-8"?>
<!-- Generated by org.testng.reporters.JUnitReportReporter -->
<testsuite hostname="DESKTOP-7C4J88S" failures="0" tests="1" name="zoom_In_Zoom_Out.ZoomInByDiamentioClass" time="9.469" errors="0" timestamp="2024-02-23T00:57:01 IST" skipped="0">
  <testcase classname="zoom_In_Zoom_Out.ZoomInByDiamentioClass" name="zoomInByDiamentioClass" time="9.469"/>
  <system-out/>
</testsuite> <!-- zoom_In_Zoom_Out.ZoomInByDiamentioClass -->
