<?xml version="1.0" encoding="UTF-8"?>
<!-- Generated by org.testng.reporters.JUnitReportReporter -->
<testsuite hostname="DESKTOP-7C4J88S" failures="0" tests="1" name="title.TitleOfThePage" time="11.003" errors="0" timestamp="2024-02-22T16:10:00 IST" skipped="0">
  <testcase classname="title.TitleOfThePage" name="Handle_AutoSuggetions" time="11.003"/>
  <system-out/>
</testsuite> <!-- title.TitleOfThePage -->
