<?xml version="1.0" encoding="UTF-8"?>
<!-- Generated by org.testng.reporters.JUnitReportReporter -->
<testsuite hostname="DESKTOP-7C4J88S" failures="0" tests="1" name="webDriverManager.ChromeDriver_WebDriverManager" time="11.441" errors="0" timestamp="2024-02-21T01:05:47 IST" skipped="0">
  <testcase classname="webDriverManager.ChromeDriver_WebDriverManager" name="open_Chrome_Browser_With_WebDriverManager" time="11.441"/>
  <system-out/>
</testsuite> <!-- webDriverManager.ChromeDriver_WebDriverManager -->
