<?xml version="1.0" encoding="UTF-8"?>
<!-- Generated by org.testng.reporters.JUnitReportReporter -->
<testsuite hostname="DESKTOP-7C4J88S" failures="0" tests="1" name="accordian.HandleAccordians" time="55.831" errors="0" timestamp="2024-02-22T21:02:09 IST" skipped="0">
  <testcase classname="accordian.HandleAccordians" name="handle_accordian" time="55.831"/>
  <system-out/>
</testsuite> <!-- accordian.HandleAccordians -->
