<?xml version="1.0" encoding="UTF-8"?>
<!-- Generated by org.testng.reporters.JUnitReportReporter -->
<testsuite hostname="DESKTOP-7C4J88S" failures="0" tests="1" name="fileDownloadUpLoad.fileDownload" time="25.303" errors="0" timestamp="2024-02-25T12:46:28 IST" skipped="0">
  <testcase classname="fileDownloadUpLoad.fileDownload" name="fileDownload" time="25.303"/>
  <system-out/>
</testsuite> <!-- fileDownloadUpLoad.fileDownload -->
