<?xml version="1.0" encoding="UTF-8"?>
<!-- Generated by org.testng.reporters.JUnitReportReporter -->
<testsuite hostname="DESKTOP-7C4J88S" failures="0" tests="1" name="getTitle_getDomain_getURL.DomainOfThePageByJavascriptExecutor" time="12.225" errors="0" timestamp="2024-02-22T16:20:02 IST" skipped="0">
  <testcase classname="getTitle_getDomain_getURL.DomainOfThePageByJavascriptExecutor" name="Handle_AutoSuggetions" time="12.225"/>
  <system-out/>
</testsuite> <!-- getTitle_getDomain_getURL.DomainOfThePageByJavascriptExecutor -->
