<?xml version="1.0" encoding="UTF-8"?>
<!-- Generated by org.testng.reporters.JUnitReportReporter -->
<testsuite hostname="DESKTOP-7C4J88S" failures="0" tests="1" name="toolTip.Tooltip_Handling" time="36.072" errors="0" timestamp="2024-02-22T12:19:02 IST" skipped="0">
  <testcase classname="toolTip.Tooltip_Handling" name="tooltip_Handlig" time="36.072"/>
  <system-out/>
</testsuite> <!-- toolTip.Tooltip_Handling -->
