<?xml version="1.0" encoding="UTF-8"?>
<!-- Generated by org.testng.reporters.JUnitReportReporter -->
<testsuite hostname="DESKTOP-7C4J88S" failures="0" tests="1" name="fileHandling.ReadMultipleDataFromExcelFile" time="2.936" errors="0" timestamp="2024-02-23T12:35:34 IST" skipped="0">
  <testcase classname="fileHandling.ReadMultipleDataFromExcelFile" name="readExcelFile" time="2.936"/>
  <system-out/>
</testsuite> <!-- fileHandling.ReadMultipleDataFromExcelFile -->
