<?xml version="1.0" encoding="UTF-8"?>
<!-- Generated by org.testng.reporters.JUnitReportReporter -->
<testsuite hostname="DESKTOP-7C4J88S" failures="0" tests="1" name="get_WebElements_color_backgroundColor_FontSize_FontColor_FontFamily_FontAllignment_HightlightFont.Get_WebElements_color_backgroundColor_FontSize_FontColor_FontFamily_FontAllignment_HightlightFont" time="5.166" errors="0" timestamp="2024-02-23T00:54:15 IST" skipped="0">
  <testcase classname="get_WebElements_color_backgroundColor_FontSize_FontColor_FontFamily_FontAllignment_HightlightFont.Get_WebElements_color_backgroundColor_FontSize_FontColor_FontFamily_FontAllignment_HightlightFont" name="GetpropertiesofElement" time="5.166"/>
  <system-out/>
</testsuite> <!-- get_WebElements_color_backgroundColor_FontSize_FontColor_FontFamily_FontAllignment_HightlightFont.Get_WebElements_color_backgroundColor_FontSize_FontColor_FontFamily_FontAllignment_HightlightFont -->
