<?xml version="1.0" encoding="UTF-8"?>
<!-- Generated by org.testng.reporters.JUnitReportReporter -->
<testsuite hostname="DESKTOP-7C4J88S" failures="0" tests="1" name="ssl_Certificate.Handle_SSL_Certificate" time="38.354" errors="0" timestamp="2024-02-21T15:58:53 IST" skipped="0">
  <testcase classname="ssl_Certificate.Handle_SSL_Certificate" name="handle_SSL_Certificate_In_Chrome" time="38.354"/>
  <system-out/>
</testsuite> <!-- ssl_Certificate.Handle_SSL_Certificate -->
