<?xml version="1.0" encoding="UTF-8"?>
<!-- Generated by org.testng.reporters.JUnitReportReporter -->
<testsuite hostname="DESKTOP-7C4J88S" failures="0" tests="1" name="dropDown.date_DropDown" time="251.381" errors="0" timestamp="2024-02-22T11:02:39 IST" skipped="0">
  <testcase classname="dropDown.date_DropDown" name="select_Date_Dropdown" time="251.381"/>
  <system-out/>
</testsuite> <!-- dropDown.date_DropDown -->
