<?xml version="1.0" encoding="UTF-8"?>
<!-- Generated by org.testng.reporters.JUnitReportReporter -->
<testsuite hostname="DESKTOP-7C4J88S" failures="0" tests="1" name="fileHandling.readpropertiesFile" time="0.113" errors="0" timestamp="2024-02-23T13:17:47 IST" skipped="0">
  <testcase classname="fileHandling.readpropertiesFile" name="readpropertiesFile" time="0.113"/>
  <system-out/>
</testsuite> <!-- fileHandling.readpropertiesFile -->
