<?xml version="1.0" encoding="UTF-8"?>
<!-- Generated by org.testng.reporters.JUnitReportReporter -->
<testsuite hostname="DESKTOP-7C4J88S" failures="0" tests="1" name="zoom_In_Zoom_Out.ZoomInByRobotClass" time="23.046" errors="0" timestamp="2024-02-23T11:30:22 IST" skipped="0">
  <testcase classname="zoom_In_Zoom_Out.ZoomInByRobotClass" name="zoomInByRobotClass" time="23.046"/>
  <system-out/>
</testsuite> <!-- zoom_In_Zoom_Out.ZoomInByRobotClass -->
