<?xml version="1.0" encoding="UTF-8"?>
<!-- Generated by org.testng.reporters.JUnitReportReporter -->
<testsuite hostname="DESKTOP-7C4J88S" failures="0" tests="1" name="screenshot.TakeScreenshot" time="47.556" errors="0" timestamp="2024-02-22T21:40:43 IST" skipped="0">
  <testcase classname="screenshot.TakeScreenshot" name="TakeScreenshot" time="47.556"/>
  <system-out/>
</testsuite> <!-- screenshot.TakeScreenshot -->
