<?xml version="1.0" encoding="UTF-8"?>
<!-- Generated by org.testng.reporters.JUnitReportReporter -->
<testsuite hostname="DESKTOP-7C4J88S" failures="0" tests="1" name="screenshot.TakeScreenshot_Of_Page_With_Date" time="43.316" errors="0" timestamp="2024-02-22T22:00:55 IST" skipped="0">
  <testcase classname="screenshot.TakeScreenshot_Of_Page_With_Date" name="takeScreenshot_Of_Page" time="43.316"/>
  <system-out/>
</testsuite> <!-- screenshot.TakeScreenshot_Of_Page_With_Date -->
