<?xml version="1.0" encoding="UTF-8"?>
<!-- Generated by org.testng.reporters.JUnitReportReporter -->
<testsuite hostname="DESKTOP-7C4J88S" failures="0" tests="1" name="webDriverManager.EdgeDriver_WebDriverManager" time="13.955" errors="0" timestamp="2024-02-21T01:23:40 IST" skipped="0">
  <testcase classname="webDriverManager.EdgeDriver_WebDriverManager" name="open_Edge_Browser_With_WebDriverManager" time="13.955"/>
  <system-out/>
</testsuite> <!-- webDriverManager.EdgeDriver_WebDriverManager -->
