<?xml version="1.0" encoding="UTF-8"?>
<!-- Generated by org.testng.reporters.JUnitReportReporter -->
<testsuite hostname="DESKTOP-7C4J88S" failures="0" tests="1" name="linsAndText.FindOutTheBrokenLinks" time="77.422" errors="0" timestamp="2024-02-25T11:34:05 IST" skipped="0">
  <testcase classname="linsAndText.FindOutTheBrokenLinks" name="findOutTheLinks" time="77.422"/>
  <system-out/>
</testsuite> <!-- linsAndText.FindOutTheBrokenLinks -->
