<?xml version="1.0" encoding="UTF-8"?>
<!-- Generated by org.testng.reporters.JUnitReportReporter -->
<testsuite hostname="DESKTOP-7C4J88S" failures="0" tests="1" name="zoom_In_Zoom_Out.ZoomInByJavascriptExecutor" time="16.691" errors="0" timestamp="2024-02-23T01:36:51 IST" skipped="0">
  <testcase classname="zoom_In_Zoom_Out.ZoomInByJavascriptExecutor" name="zoomInBySendKeys" time="16.691"/>
  <system-out/>
</testsuite> <!-- zoom_In_Zoom_Out.ZoomInByJavascriptExecutor -->
