<?xml version="1.0" encoding="UTF-8"?>
<!-- Generated by org.testng.reporters.JUnitReportReporter -->
<testsuite hostname="DESKTOP-7C4J88S" failures="0" tests="1" name="disableNotification.disableNotification_For_FirefoxDriver" time="25.296" errors="0" timestamp="2024-02-21T13:17:53 IST" skipped="0">
  <testcase classname="disableNotification.disableNotification_For_FirefoxDriver" name="disableNotification_For_FirefoxDriver" time="25.296"/>
  <system-out/>
</testsuite> <!-- disableNotification.disableNotification_For_FirefoxDriver -->
