<?xml version="1.0" encoding="UTF-8"?>
<!-- Generated by org.testng.reporters.JUnitReportReporter -->
<testsuite hostname="DESKTOP-7C4J88S" failures="0" tests="1" name="fileHandling.ReadExcelFile" time="3.317" errors="0" timestamp="2024-02-23T12:14:23 IST" skipped="0">
  <testcase classname="fileHandling.ReadExcelFile" name="readExcelFile" time="3.317"/>
  <system-out/>
</testsuite> <!-- fileHandling.ReadExcelFile -->
