<?xml version="1.0" encoding="UTF-8"?>
<!-- Generated by org.testng.reporters.JUnitReportReporter -->
<testsuite hostname="DESKTOP-7C4J88S" failures="0" tests="1" name="webDriverManager.FirefoxDriver_WeBDriverManager" time="17.484" errors="0" timestamp="2024-02-21T01:04:45 IST" skipped="0">
  <testcase classname="webDriverManager.FirefoxDriver_WeBDriverManager" name="open_Firefox_Browser_With_WebDriverManager" time="17.484"/>
  <system-out/>
</testsuite> <!-- webDriverManager.FirefoxDriver_WeBDriverManager -->
