<?xml version="1.0" encoding="UTF-8"?>
<!-- Generated by org.testng.reporters.JUnitReportReporter -->
<testsuite hostname="DESKTOP-7C4J88S" failures="0" tests="1" name="resizable.resizable" time="8.455" errors="0" timestamp="2024-02-23T17:20:16 IST" skipped="0">
  <testcase classname="resizable.resizable" name="resiz_The_Element" time="8.455"/>
  <system-out/>
</testsuite> <!-- resizable.resizable -->
