<?xml version="1.0" encoding="UTF-8"?>
<!-- Generated by org.testng.reporters.JUnitReportReporter -->
<testsuite hostname="DESKTOP-7C4J88S" failures="0" tests="1" name="log.CreatLog" time="0.020" errors="0" timestamp="2024-02-29T14:06:37 IST" skipped="0">
  <testcase classname="log.CreatLog" name="createLog" time="0.020"/>
  <system-out>
    <![CDATA[open browser
open browser]]>
  </system-out>
</testsuite> <!-- log.CreatLog -->
