<?xml version="1.0" encoding="UTF-8"?>
<!-- Generated by org.testng.reporters.JUnitReportReporter -->
<testsuite hostname="DESKTOP-7C4J88S" failures="0" tests="1" name="headlessMode.EdgeDriver_HeadlessMode" time="11.648" errors="0" timestamp="2024-02-21T11:47:53 IST" skipped="0">
  <testcase classname="headlessMode.EdgeDriver_HeadlessMode" name="open_Edge_Browser_With_HeadlessMode" time="11.648"/>
  <system-out/>
</testsuite> <!-- headlessMode.EdgeDriver_HeadlessMode -->
