<?xml version="1.0" encoding="UTF-8"?>
<!-- Generated by org.testng.reporters.JUnitReportReporter -->
<testsuite hostname="DESKTOP-7C4J88S" failures="0" tests="1" name="fileDownloadUpLoad.fileUploading" time="19.700" errors="0" timestamp="2024-02-25T13:58:42 IST" skipped="0">
  <testcase classname="fileDownloadUpLoad.fileUploading" name="fileDownload" time="19.700"/>
  <system-out/>
</testsuite> <!-- fileDownloadUpLoad.fileUploading -->
