<?xml version="1.0" encoding="UTF-8"?>
<!-- Generated by org.testng.reporters.JUnitReportReporter -->
<testsuite hostname="DESKTOP-7C4J88S" failures="0" tests="1" name="image.FindOutTheImagesInpage" time="149.413" errors="0" timestamp="2024-02-25T14:29:29 IST" skipped="0">
  <testcase classname="image.FindOutTheImagesInpage" name="BrokenImages" time="149.413"/>
  <system-out/>
</testsuite> <!-- image.FindOutTheImagesInpage -->
