<?xml version="1.0" encoding="UTF-8"?>
<!-- Generated by org.testng.reporters.JUnitReportReporter -->
<testsuite hostname="DESKTOP-7C4J88S" failures="0" tests="1" name="activeElement.FineOut_the_active_element" time="26.114" errors="0" timestamp="2024-02-22T12:21:08 IST" skipped="0">
  <testcase classname="activeElement.FineOut_the_active_element" name="activeElement" time="26.114"/>
  <system-out/>
</testsuite> <!-- activeElement.FineOut_the_active_element -->
